# JRE version: OpenJDK Runtime Environment (11.0.10) (build 11.0.10+0-b96-7249189)
# Java VM: OpenJDK 64-Bit Server VM (11.0.10+0-b96-7249189, mixed mode, tiered, compressed oops, g1 gc, windows-amd64)
Heap:
 garbage-first heap   total 131072K, used 101226K [0x0000000080000000, 0x0000000100000000)
  region size 1024K, 10 young (10240K), 1 survivors (1024K)
 Metaspace       used 97197K, capacity 99555K, committed 99788K, reserved 1138688K
  class space    used 12062K, capacity 12910K, committed 13004K, reserved 1048576K
GC Heap History (20 events):
Event: 12.384 GC heap before
{Heap before GC invocations=21 (full 0):
 garbage-first heap   total 131072K, used 107263K [0x0000000080000000, 0x0000000100000000)
  region size 1024K, 44 young (45056K), 6 survivors (6144K)
 Metaspace       used 82643K, capacity 84809K, committed 84940K, reserved 1122304K
  class space    used 10635K, capacity 11423K, committed 11468K, reserved 1048576K
}
Event: 12.391 GC heap after
{Heap after GC invocations=22 (full 0):
 garbage-first heap   total 131072K, used 71386K [0x0000000080000000, 0x0000000100000000)
  region size 1024K, 5 young (5120K), 5 survivors (5120K)
 Metaspace       used 82643K, capacity 84809K, committed 84940K, reserved 1122304K
  class space    used 10635K, capacity 11423K, committed 11468K, reserved 1048576K
}
Event: 73.086 GC heap before
{Heap before GC invocations=23 (full 0):
 garbage-first heap   total 131072K, used 108250K [0x0000000080000000, 0x0000000100000000)
  region size 1024K, 42 young (43008K), 5 survivors (5120K)
 Metaspace       used 86302K, capacity 88438K, committed 88908K, reserved 1126400K
  class space    used 10899K, capacity 11634K, committed 11852K, reserved 1048576K
}
Event: 73.092 GC heap after
{Heap after GC invocations=24 (full 0):
 garbage-first heap   total 131072K, used 73774K [0x0000000080000000, 0x0000000100000000)
  region size 1024K, 5 young (5120K), 5 survivors (5120K)
 Metaspace       used 86302K, capacity 88438K, committed 88908K, reserved 1126400K
  class space    used 10899K, capacity 11634K, committed 11852K, reserved 1048576K
}
Event: 73.572 GC heap before
{Heap before GC invocations=24 (full 0):
 garbage-first heap   total 131072K, used 108590K [0x0000000080000000, 0x0000000100000000)
  region size 1024K, 40 young (40960K), 5 survivors (5120K)
 Metaspace       used 87210K, capacity 89318K, committed 89420K, reserved 1126400K
  class space    used 10954K, capacity 11756K, committed 11852K, reserved 1048576K
}
Event: 73.586 GC heap after
{Heap after GC invocations=25 (full 0):
 garbage-first heap   total 131072K, used 76902K [0x0000000080000000, 0x0000000100000000)
  region size 1024K, 5 young (5120K), 5 survivors (5120K)
 Metaspace       used 87210K, capacity 89318K, committed 89420K, reserved 1126400K
  class space    used 10954K, capacity 11756K, committed 11852K, reserved 1048576K
}
Event: 74.156 GC heap before
{Heap before GC invocations=26 (full 0):
 garbage-first heap   total 131072K, used 107622K [0x0000000080000000, 0x0000000100000000)
  region size 1024K, 36 young (36864K), 5 survivors (5120K)
 Metaspace       used 90146K, capacity 92330K, committed 92620K, reserved 1130496K
  class space    used 11317K, capacity 12162K, committed 12236K, reserved 1048576K
}
Event: 74.165 GC heap after
{Heap after GC invocations=27 (full 0):
 garbage-first heap   total 131072K, used 81584K [0x0000000080000000, 0x0000000100000000)
  region size 1024K, 5 young (5120K), 5 survivors (5120K)
 Metaspace       used 90146K, capacity 92330K, committed 92620K, reserved 1130496K
  class space    used 11317K, capacity 12162K, committed 12236K, reserved 1048576K
}
Event: 74.471 GC heap before
{Heap before GC invocations=27 (full 0):
 garbage-first heap   total 131072K, used 98992K [0x0000000080000000, 0x0000000100000000)
  region size 1024K, 24 young (24576K), 5 survivors (5120K)
 Metaspace       used 94205K, capacity 96426K, committed 96716K, reserved 1132544K
  class space    used 11816K, capacity 12656K, committed 12748K, reserved 1048576K
}
Event: 74.489 GC heap after
{Heap after GC invocations=28 (full 0):
 garbage-first heap   total 131072K, used 83931K [0x0000000080000000, 0x0000000100000000)
  region size 1024K, 3 young (3072K), 3 survivors (3072K)
 Metaspace       used 94205K, capacity 96426K, committed 96716K, reserved 1132544K
  class space    used 11816K, capacity 12656K, committed 12748K, reserved 1048576K
}
Event: 75.399 GC heap before
{Heap before GC invocations=29 (full 0):
 garbage-first heap   total 131072K, used 109531K [0x0000000080000000, 0x0000000100000000)
  region size 1024K, 27 young (27648K), 3 survivors (3072K)
 Metaspace       used 94751K, capacity 96955K, committed 97228K, reserved 1134592K
  class space    used 11856K, capacity 12703K, committed 12748K, reserved 1048576K
}
Event: 75.405 GC heap after
{Heap after GC invocations=30 (full 0):
 garbage-first heap   total 131072K, used 92448K [0x0000000080000000, 0x0000000100000000)
  region size 1024K, 4 young (4096K), 4 survivors (4096K)
 Metaspace       used 94751K, capacity 96955K, committed 97228K, reserved 1134592K
  class space    used 11856K, capacity 12703K, committed 12748K, reserved 1048576K
}
Event: 75.423 GC heap before
{Heap before GC invocations=30 (full 0):
 garbage-first heap   total 131072K, used 94496K [0x0000000080000000, 0x0000000100000000)
  region size 1024K, 6 young (6144K), 4 survivors (4096K)
 Metaspace       used 94760K, capacity 97019K, committed 97228K, reserved 1134592K
  class space    used 11856K, capacity 12703K, committed 12748K, reserved 1048576K
}
Event: 75.430 GC heap after
{Heap after GC invocations=31 (full 0):
 garbage-first heap   total 131072K, used 91174K [0x0000000080000000, 0x0000000100000000)
  region size 1024K, 1 young (1024K), 1 survivors (1024K)
 Metaspace       used 94760K, capacity 97019K, committed 97228K, reserved 1134592K
  class space    used 11856K, capacity 12703K, committed 12748K, reserved 1048576K
}
Event: 75.694 GC heap before
{Heap before GC invocations=31 (full 0):
 garbage-first heap   total 131072K, used 108582K [0x0000000080000000, 0x0000000100000000)
  region size 1024K, 18 young (18432K), 1 survivors (1024K)
 Metaspace       used 95924K, capacity 98209K, committed 98380K, reserved 1134592K
  class space    used 11976K, capacity 12857K, committed 12876K, reserved 1048576K
}
Event: 75.700 GC heap after
{Heap after GC invocations=32 (full 0):
 garbage-first heap   total 131072K, used 93424K [0x0000000080000000, 0x0000000100000000)
  region size 1024K, 3 young (3072K), 3 survivors (3072K)
 Metaspace       used 95924K, capacity 98209K, committed 98380K, reserved 1134592K
  class space    used 11976K, capacity 12857K, committed 12876K, reserved 1048576K
}
Event: 76.034 GC heap before
{Heap before GC invocations=33 (full 0):
 garbage-first heap   total 131072K, used 108784K [0x0000000080000000, 0x0000000100000000)
  region size 1024K, 19 young (19456K), 3 survivors (3072K)
 Metaspace       used 96863K, capacity 99086K, committed 99276K, reserved 1136640K
  class space    used 12024K, capacity 12889K, committed 13004K, reserved 1048576K
}
Event: 76.038 GC heap after
{Heap after GC invocations=34 (full 0):
 garbage-first heap   total 131072K, used 94248K [0x0000000080000000, 0x0000000100000000)
  region size 1024K, 1 young (1024K), 1 survivors (1024K)
 Metaspace       used 96863K, capacity 99086K, committed 99276K, reserved 1136640K
  class space    used 12024K, capacity 12889K, committed 13004K, reserved 1048576K
}
Event: 76.100 GC heap before
{Heap before GC invocations=34 (full 0):
 garbage-first heap   total 131072K, used 99368K [0x0000000080000000, 0x0000000100000000)
  region size 1024K, 6 young (6144K), 1 survivors (1024K)
 Metaspace       used 96943K, capacity 99215K, committed 99532K, reserved 1136640K
  class space    used 12024K, capacity 12889K, committed 13004K, reserved 1048576K
}
Event: 76.108 GC heap after
{Heap after GC invocations=35 (full 0):
 garbage-first heap   total 131072K, used 93034K [0x0000000080000000, 0x0000000100000000)
  region size 1024K, 1 young (1024K), 1 survivors (1024K)
 Metaspace       used 96943K, capacity 99215K, committed 99532K, reserved 1136640K
  class space    used 12024K, capacity 12889K, committed 13004K, reserved 1048576K
}

